<?xml version="1.0" encoding="UTF-8"?>
<!-- Generated by org.testng.reporters.JUnitXMLReporter -->
<testsuite hostname="DESKTOP-9CGQQJV" ignored="1" name="Default test" tests="1" failures="0" timestamp="26 Jul 2021 09:08:12 GMT" time="4.216" errors="0">
  <testcase name="verifyCourseSymbol" time="0.221" classname="com.jbk.pages.DashboardPage"/>
  <testcase name="verifyCourseColor" time="0.0" classname="com.jbk.pages.DashboardPage">
    <ignored/>
  </testcase> <!-- verifyCourseColor -->
</testsuite> <!-- Default test -->
