<?xml version="1.0" encoding="UTF-8"?>
<testng-results skipped="0" failed="0" ignored="1" total="2" passed="1">
  <reporter-output>
  </reporter-output>
  <suite name="Default suite" duration-ms="4216" started-at="2021-07-26T09:08:08Z" finished-at="2021-07-26T09:08:12Z">
    <groups>
    </groups>
    <test name="Default test" duration-ms="4216" started-at="2021-07-26T09:08:08Z" finished-at="2021-07-26T09:08:12Z">
      <class name="com.jbk.pages.DashboardPage">
        <test-method status="PASS" signature="setUpBrowser()[pri:0, instance:com.jbk.pages.DashboardPage@6d4b1c02]" name="setUpBrowser" is-config="true" duration-ms="3966" started-at="2021-07-26T14:38:08Z" finished-at="2021-07-26T14:38:12Z">
          <reporter-output>
          </reporter-output>
        </test-method> <!-- setUpBrowser -->
        <test-method status="PASS" signature="verifyCourseSymbol()[pri:0, instance:com.jbk.pages.DashboardPage@6d4b1c02]" name="verifyCourseSymbol" duration-ms="221" started-at="2021-07-26T14:38:12Z" finished-at="2021-07-26T14:38:12Z">
          <reporter-output>
          </reporter-output>
        </test-method> <!-- verifyCourseSymbol -->
      </class> <!-- com.jbk.pages.DashboardPage -->
    </test> <!-- Default test -->
  </suite> <!-- Default suite -->
</testng-results>
